<?xml version="1.0" encoding="UTF-8"?>
<!-- Generated by org.testng.reporters.JUnitXMLReporter -->
<testsuite ignored="0" hostname="LAPTOP-4TAGSQNH" failures="0" tests="3" name="Default test" time="3.612" errors="0" timestamp="2025-01-12T12:55:20 IST">
  <testcase classname="tests.LibraryAPI" name="addBook" time="3.024"/>
  <testcase classname="tests.LibraryAPI" name="getBook" time="0.28"/>
  <testcase classname="tests.LibraryAPI" name="deleteBook" time="0.255"/>
</testsuite> <!-- Default test -->
