<?xml version="1.0" encoding="UTF-8"?>
<testng-results ignored="0" total="2" passed="2" failed="0" skipped="0">
  <reporter-output>
  </reporter-output>
  <suite started-at="2025-01-09T11:33:37 IST" name="Default suite" finished-at="2025-01-09T11:33:41 IST" duration-ms="3286">
    <groups>
    </groups>
    <test started-at="2025-01-09T11:33:37 IST" name="Default test" finished-at="2025-01-09T11:33:41 IST" duration-ms="3286">
      <class name="tests.LibraryAPI">
        <test-method signature="addBook()[pri:0, instance:tests.LibraryAPI@3a93b025]" started-at="2025-01-09T11:33:37 IST" name="addBook" finished-at="2025-01-09T11:33:40 IST" duration-ms="2958" status="PASS">
          <reporter-output>
          </reporter-output>
        </test-method> <!-- addBook -->
        <test-method signature="deleteBook()[pri:0, instance:tests.LibraryAPI@3a93b025]" started-at="2025-01-09T11:33:40 IST" name="deleteBook" finished-at="2025-01-09T11:33:41 IST" duration-ms="274" status="PASS">
          <reporter-output>
          </reporter-output>
        </test-method> <!-- deleteBook -->
      </class> <!-- tests.LibraryAPI -->
    </test> <!-- Default test -->
  </suite> <!-- Default suite -->
</testng-results>
